Using pre-set license
Built from '2021.3/staging' branch; Version is '2021.3.2f1 (d6360bedb9a0) revision 14038539'; Using compiler version '192829333'; Build Type 'Release'
OS: 'Windows 10  (10.0.19045) 64bit Professional' Language: 'en' Physical Memory: 8110 MB
BatchMode: 1, IsHumanControllingUs: 0, StartBugReporterOnCrash: 0, Is64bit: 1, IsPro: 1

COMMAND LINE ARGUMENTS:
C:\Program Files\Unity\Hub\Editor\2021.3.2f1\Editor\Unity.exe
-adb2
-batchMode
-noUpm
-name
AssetImportWorker14
-projectPath
D:/Holberton AR VR/The-platformer/Platformer
-logFile
Logs/AssetImportWorker14.log
-srvPort
50665
Successfully changed project path to: D:/Holberton AR VR/The-platformer/Platformer
D:/Holberton AR VR/The-platformer/Platformer
[UnityMemory] Configuration Parameters - Can be set up in boot.config
    "memorysetup-bucket-allocator-granularity=16"
    "memorysetup-bucket-allocator-bucket-count=8"
    "memorysetup-bucket-allocator-block-size=33554432"
    "memorysetup-bucket-allocator-block-count=8"
    "memorysetup-main-allocator-block-size=16777216"
    "memorysetup-thread-allocator-block-size=16777216"
    "memorysetup-gfx-main-allocator-block-size=16777216"
    "memorysetup-gfx-thread-allocator-block-size=16777216"
    "memorysetup-cache-allocator-block-size=4194304"
    "memorysetup-typetree-allocator-block-size=2097152"
    "memorysetup-profiler-bucket-allocator-granularity=16"
    "memorysetup-profiler-bucket-allocator-bucket-count=8"
    "memorysetup-profiler-bucket-allocator-block-size=33554432"
    "memorysetup-profiler-bucket-allocator-block-count=8"
    "memorysetup-profiler-allocator-block-size=16777216"
    "memorysetup-profiler-editor-allocator-block-size=1048576"
    "memorysetup-temp-allocator-size-main=16777216"
    "memorysetup-job-temp-allocator-block-size=2097152"
    "memorysetup-job-temp-allocator-block-size-background=1048576"
    "memorysetup-job-temp-allocator-reduction-small-platforms=262144"
    "memorysetup-temp-allocator-size-background-worker=32768"
    "memorysetup-temp-allocator-size-job-worker=262144"
    "memorysetup-temp-allocator-size-preload-manager=33554432"
    "memorysetup-temp-allocator-size-nav-mesh-worker=65536"
    "memorysetup-temp-allocator-size-audio-worker=65536"
    "memorysetup-temp-allocator-size-cloud-worker=32768"
    "memorysetup-temp-allocator-size-gi-baking-worker=262144"
    "memorysetup-temp-allocator-size-gfx=262144"
Refreshing native plugins compatible for Editor in 104.19 ms, found 3 plugins.
Preloading 0 native plugins for Editor in 0.00 ms.
Initialize engine version: 2021.3.2f1 (d6360bedb9a0)
[Subsystems] Discovering subsystems at path C:/Program Files/Unity/Hub/Editor/2021.3.2f1/Editor/Data/Resources/UnitySubsystems
[Subsystems] Discovering subsystems at path D:/Holberton AR VR/The-platformer/Platformer/Assets
GfxDevice: creating device client; threaded=0; jobified=0
Direct3D:
    Version:  Direct3D 11.0 [level 11.0]
    Renderer: NVIDIA GeForce GTX 765M (ID=0x11e2)
    Vendor:   NVIDIA
    VRAM:     2009 MB
    Driver:   25.21.14.2531
Initialize mono
Mono path[0] = 'C:/Program Files/Unity/Hub/Editor/2021.3.2f1/Editor/Data/Managed'
Mono path[1] = 'C:/Program Files/Unity/Hub/Editor/2021.3.2f1/Editor/Data/MonoBleedingEdge/lib/mono/unityjit-win32'
Mono config path = 'C:/Program Files/Unity/Hub/Editor/2021.3.2f1/Editor/Data/MonoBleedingEdge/etc'
Using monoOptions --debugger-agent=transport=dt_socket,embedding=1,server=y,suspend=n,address=127.0.0.1:56680
Begin MonoManager ReloadAssembly
Registering precompiled unity dll's ...
Register platform support module: C:/Program Files/Unity/Hub/Editor/2021.3.2f1/Editor/Data/PlaybackEngines/AndroidPlayer/UnityEditor.Android.Extensions.dll
Register platform support module: C:/Program Files/Unity/Hub/Editor/2021.3.2f1/Editor/Data/PlaybackEngines/iOSSupport/UnityEditor.iOS.Extensions.dll
Register platform support module: C:/Program Files/Unity/Hub/Editor/2021.3.2f1/Editor/Data/PlaybackEngines/WindowsStandaloneSupport/UnityEditor.WindowsStandalone.Extensions.dll
Registered in 0.011817 seconds.
Native extension for WindowsStandalone target not found
[usbmuxd] Start listen thread
[usbmuxd] Listen thread started
Native extension for iOS target not found
Native extension for Android target not found
Android SDK Build-tools component is not found. Make sure all tools are installed in the SDK manager. Latest supported build-tools version is 30.0.2
UnityEngine.StackTraceUtility:ExtractStackTrace ()
UnityEngine.DebugLogHandler:LogFormat (UnityEngine.LogType,UnityEngine.Object,string,object[])
UnityEngine.Logger:Log (UnityEngine.LogType,object)
UnityEngine.Debug:LogError (object)
UnityEditor.Android.AndroidSDKTools:UpdateToolsDirectories ()
UnityEditor.Android.AndroidSDKTools:.ctor (string)
UnityEditor.Android.AndroidSDKTools:CreateAndroidSDKTools (string)
UnityEditor.Android.AndroidSDKTools:GetInstance<UnityEditor.Android.AndroidSDKTools> (UnityEditor.Android.AndroidSDKTools/InstanceCreator)
UnityEditor.Android.AndroidSDKTools:GetInstance ()
UnityEditor.Android.AndroidDeploymentTargetsExtension:GetMainThreadContext (bool)
UnityEditor.Android.TargetExtension:OnUsbDevicesChanged (UnityEditor.Hardware.UsbDevice[])
UnityEditor.Android.TargetExtension:OnLoad ()
UnityEditor.Modules.ModuleManager:InitializePlatformSupportModules ()

Refreshing native plugins compatible for Editor in 103.96 ms, found 3 plugins.
Preloading 0 native plugins for Editor in 0.00 ms.
Mono: successfully reloaded assembly
- Completed reload, in  0.902 seconds
Domain Reload Profiling:
	ReloadAssembly (903ms)
		BeginReloadAssembly (121ms)
			ExecutionOrderSort (0ms)
			DisableScriptedObjects (0ms)
			BackupInstance (0ms)
			ReleaseScriptingObjects (0ms)
			CreateAndSetChildDomain (1ms)
		EndReloadAssembly (632ms)
			LoadAssemblies (118ms)
			RebuildTransferFunctionScriptingTraits (0ms)
			SetupTypeCache (139ms)
			ReleaseScriptCaches (0ms)
			RebuildScriptCaches (38ms)
			SetupLoadedEditorAssemblies (389ms)
				LogAssemblyErrors (0ms)
				InitializePlatformSupportModulesInManaged (97ms)
				SetLoadedEditorAssemblies (0ms)
				RefreshPlugins (104ms)
				BeforeProcessingInitializeOnLoad (1ms)
				ProcessInitializeOnLoadAttributes (120ms)
				ProcessInitializeOnLoadMethodAttributes (65ms)
				AfterProcessingInitializeOnLoad (0ms)
				EditorAssembliesLoaded (0ms)
			ExecutionOrderSort2 (0ms)
			AwakeInstancesAfterBackupRestoration (0ms)
Platform modules already initialized, skipping
Registering precompiled user dll's ...
Registered in 0.004371 seconds.
Begin MonoManager ReloadAssembly
Symbol file LoadedFromMemory doesn't match image D:\Holberton AR VR\The-platformer\Platformer\Library\PackageCache\com.unity.visualscripting@1.7.6\Editor\VisualScripting.Core\Dependencies\YamlDotNet\Unity.VisualScripting.YamlDotNet.dll
Symbol file LoadedFromMemory doesn't match image D:\Holberton AR VR\The-platformer\Platformer\Library\PackageCache\com.unity.visualscripting@1.7.6\Editor\VisualScripting.Core\Dependencies\DotNetZip\Unity.VisualScripting.IonicZip.dll
Native extension for WindowsStandalone target not found
Native extension for iOS target not found
Native extension for Android target not found
Refreshing native plugins compatible for Editor in 0.80 ms, found 3 plugins.
Preloading 0 native plugins for Editor in 0.00 ms.
Mono: successfully reloaded assembly
- Completed reload, in  1.672 seconds
Domain Reload Profiling:
	ReloadAssembly (1673ms)
		BeginReloadAssembly (248ms)
			ExecutionOrderSort (0ms)
			DisableScriptedObjects (7ms)
			BackupInstance (0ms)
			ReleaseScriptingObjects (0ms)
			CreateAndSetChildDomain (127ms)
		EndReloadAssembly (1274ms)
			LoadAssemblies (124ms)
			RebuildTransferFunctionScriptingTraits (0ms)
			SetupTypeCache (380ms)
			ReleaseScriptCaches (1ms)
			RebuildScriptCaches (84ms)
			SetupLoadedEditorAssemblies (620ms)
				LogAssemblyErrors (0ms)
				InitializePlatformSupportModulesInManaged (37ms)
				SetLoadedEditorAssemblies (1ms)
				RefreshPlugins (1ms)
				BeforeProcessingInitializeOnLoad (135ms)
				ProcessInitializeOnLoadAttributes (393ms)
				ProcessInitializeOnLoadMethodAttributes (42ms)
				AfterProcessingInitializeOnLoad (11ms)
				EditorAssembliesLoaded (0ms)
			ExecutionOrderSort2 (0ms)
			AwakeInstancesAfterBackupRestoration (11ms)
Platform modules already initialized, skipping
========================================================================
Worker process is ready to serve import requests
Launched and connected shader compiler UnityShaderCompiler.exe after 0.09 seconds
Refreshing native plugins compatible for Editor in 1.26 ms, found 3 plugins.
Preloading 0 native plugins for Editor in 0.00 ms.
Unloading 3565 Unused Serialized files (Serialized files now loaded: 0)
Unloading 39 unused Assets / (182.7 KB). Loaded Objects now: 4025.
Memory consumption went from 125.5 MB to 125.3 MB.
Total: 4.479200 ms (FindLiveObjects: 0.591700 ms CreateObjectMapping: 0.230900 ms MarkObjects: 3.447300 ms  DeleteObjects: 0.207100 ms)

AssetImportParameters requested are different than current active one (requested -> active):
  custom:video-decoder-ogg-theora: a1e56fd34408186e4bbccfd4996cb3dc -> 
  custom:container-muxer-webm: aa71ff27fc2769a1b78a27578f13a17b -> 
  custom:container-demuxer-webm: 4f35f7cbe854078d1ac9338744f61a02 -> 
  custom:video-encoder-webm-vp8: eb34c28f22e8b96e1ab97ce403110664 -> 
  custom:audio-encoder-webm-vorbis: bf7c407c2cedff20999df2af8eb42d56 -> 
  custom:framework-win-MediaFoundation: 216162199b28c13a410421893ffa2e32 -> 
  custom:container-demuxer-ogg: 62fdf1f143b41e24485cea50d1cbac27 -> 
  custom:video-decoder-webm-vp8: 9c59270c3fd7afecdb556c50c9e8de78 -> 
  custom:audio-decoder-ogg-vorbis: bf7c407c2cedff20999df2af8eb42d56 -> 
========================================================================
Received Import Request.
  Time since last request: 3764.466484 seconds.
  path: Assets/Models/naturePack_007.obj
  artifactKey: Guid(b79f6cadd15f0d74189e915531146d3c) Importer(815301076,1909f56bfc062723c751e8b465ee728b)
Start importing Assets/Models/naturePack_007.obj using Guid(b79f6cadd15f0d74189e915531146d3c) Importer(815301076,1909f56bfc062723c751e8b465ee728b)  -> (artifact id: '71902bdaa9045db2722ded070fd176f3') in 2.843247 seconds 
========================================================================
Received Import Request.
  Time since last request: 0.000028 seconds.
  path: Assets/Prefab/TimerCanvas.prefab
  artifactKey: Guid(a6abceddec2bd724a8568d8bff0655bc) Importer(815301076,1909f56bfc062723c751e8b465ee728b)
Start importing Assets/Prefab/TimerCanvas.prefab using Guid(a6abceddec2bd724a8568d8bff0655bc) Importer(815301076,1909f56bfc062723c751e8b465ee728b)  -> (artifact id: '1af59688fb752fe927632382d058c6f5') in 0.074127 seconds 
========================================================================
Received Import Request.
  Time since last request: 0.000077 seconds.
  path: Assets/Models/Materials/Leafs.mat
  artifactKey: Guid(4579ef3c88d018245aadd8a923d58112) Importer(815301076,1909f56bfc062723c751e8b465ee728b)
Start importing Assets/Models/Materials/Leafs.mat using Guid(4579ef3c88d018245aadd8a923d58112) Importer(815301076,1909f56bfc062723c751e8b465ee728b)  -> (artifact id: '7a4a744d1d823df8e8466a2879d53597') in 0.072578 seconds 
========================================================================
Received Import Request.
  Time since last request: 0.000022 seconds.
  path: Assets/Models/naturePack_027.obj
  artifactKey: Guid(bf1c40229ecaee34caed2b245ab035b6) Importer(815301076,1909f56bfc062723c751e8b465ee728b)
Start importing Assets/Models/naturePack_027.obj using Guid(bf1c40229ecaee34caed2b245ab035b6) Importer(815301076,1909f56bfc062723c751e8b465ee728b)  -> (artifact id: '1da6f3b14eaa36c0756f57ce8d5ed777') in 0.038060 seconds 
========================================================================
Received Import Request.
  Time since last request: 0.000034 seconds.
  path: Assets/Models/Materials/Stone.mat
  artifactKey: Guid(66eff941cc3c78f418cb64a3c8eaacb6) Importer(815301076,1909f56bfc062723c751e8b465ee728b)
Start importing Assets/Models/Materials/Stone.mat using Guid(66eff941cc3c78f418cb64a3c8eaacb6) Importer(815301076,1909f56bfc062723c751e8b465ee728b)  -> (artifact id: 'e0dd6c531c3680fd2b48a85a1c7b47e4') in 0.017341 seconds 
========================================================================
Received Import Request.
  Time since last request: 0.000029 seconds.
  path: Assets/Models/naturePack_032.obj
  artifactKey: Guid(07e446560dc44e541baace5cb250c866) Importer(815301076,1909f56bfc062723c751e8b465ee728b)
Start importing Assets/Models/naturePack_032.obj using Guid(07e446560dc44e541baace5cb250c866) Importer(815301076,1909f56bfc062723c751e8b465ee728b)  -> (artifact id: 'f985195c591481f7b4700f9ee5e67d7e') in 0.034943 seconds 
========================================================================
Received Import Request.
  Time since last request: 0.000077 seconds.
  path: Assets/Models/naturePack_025.obj
  artifactKey: Guid(ceb5dc489a3122b4c8ea890bf1f45015) Importer(815301076,1909f56bfc062723c751e8b465ee728b)
Start importing Assets/Models/naturePack_025.obj using Guid(ceb5dc489a3122b4c8ea890bf1f45015) Importer(815301076,1909f56bfc062723c751e8b465ee728b)  -> (artifact id: '0930440843d18b18b6199fdd2cff8709') in 0.042880 seconds 
========================================================================
Received Import Request.
  Time since last request: 0.000028 seconds.
  path: Assets/Models/naturePack_018.obj
  artifactKey: Guid(9d0c5de286406214099b96a7fb8d1c69) Importer(815301076,1909f56bfc062723c751e8b465ee728b)
Start importing Assets/Models/naturePack_018.obj using Guid(9d0c5de286406214099b96a7fb8d1c69) Importer(815301076,1909f56bfc062723c751e8b465ee728b)  -> (artifact id: '2690aa034946e3123e5307b37aa42d43') in 0.030054 seconds 
========================================================================
Received Import Request.
  Time since last request: 0.000048 seconds.
  path: Assets/Models/naturePack_003.obj
  artifactKey: Guid(18ac72f38a44da141b32da447e47f279) Importer(815301076,1909f56bfc062723c751e8b465ee728b)
Start importing Assets/Models/naturePack_003.obj using Guid(18ac72f38a44da141b32da447e47f279) Importer(815301076,1909f56bfc062723c751e8b465ee728b)  -> (artifact id: '125450eee652d145a9ea8b657f76fe7c') in 0.047266 seconds 
========================================================================
Received Import Request.
  Time since last request: 0.000029 seconds.
  path: Assets/Prefab/Player.prefab
  artifactKey: Guid(7694d56bc01d8d04db908aa756dcf8ed) Importer(815301076,1909f56bfc062723c751e8b465ee728b)
Start importing Assets/Prefab/Player.prefab using Guid(7694d56bc01d8d04db908aa756dcf8ed) Importer(815301076,1909f56bfc062723c751e8b465ee728b)  -> (artifact id: '77c1bf045ac67107c313c3b3e5d65f48') in 0.061001 seconds 
========================================================================
Received Import Request.
  Time since last request: 0.000030 seconds.
  path: Assets/Models/naturePack_020.obj
  artifactKey: Guid(12bef70509e03454798b3e8313fbf3ab) Importer(815301076,1909f56bfc062723c751e8b465ee728b)
Start importing Assets/Models/naturePack_020.obj using Guid(12bef70509e03454798b3e8313fbf3ab) Importer(815301076,1909f56bfc062723c751e8b465ee728b)  -> (artifact id: '1d3f57fa42c7334ddcb35ef19047dad2') in 0.085280 seconds 
========================================================================
Received Import Request.
  Time since last request: 0.000039 seconds.
  path: Assets/Textures/UI/bg-toggle.png
  artifactKey: Guid(c9f6a71c97703894c9e6dcf6c85d2b6f) Importer(815301076,1909f56bfc062723c751e8b465ee728b)
Start importing Assets/Textures/UI/bg-toggle.png using Guid(c9f6a71c97703894c9e6dcf6c85d2b6f) Importer(815301076,1909f56bfc062723c751e8b465ee728b)  -> (artifact id: '9d8a976615b684a4ec71c5b1f96d9862') in 0.195520 seconds 
========================================================================
Received Import Request.
  Time since last request: 0.000046 seconds.
  path: Assets/Models/Materials/Green_Roof.mat
  artifactKey: Guid(e6f9f20a6bb20de4d8d2b10654eda764) Importer(815301076,1909f56bfc062723c751e8b465ee728b)
Start importing Assets/Models/Materials/Green_Roof.mat using Guid(e6f9f20a6bb20de4d8d2b10654eda764) Importer(815301076,1909f56bfc062723c751e8b465ee728b)  -> (artifact id: '17f1664f18777a717245c1bf3f6c5c45') in 0.037646 seconds 
========================================================================
Received Import Request.
  Time since last request: 0.000040 seconds.
  path: Assets/Models/Materials/Wood.mat
  artifactKey: Guid(4ce07ef0402cdad4f83eb94473afc47f) Importer(815301076,1909f56bfc062723c751e8b465ee728b)
Start importing Assets/Models/Materials/Wood.mat using Guid(4ce07ef0402cdad4f83eb94473afc47f) Importer(815301076,1909f56bfc062723c751e8b465ee728b)  -> (artifact id: '1a964b70e606771d5b830ccccadee6d2') in 0.015729 seconds 
========================================================================
Received Import Request.
  Time since last request: 0.000030 seconds.
  path: Assets/Models/naturePack_017.obj
  artifactKey: Guid(397a1bc3035a4b041af7833636a7bf9e) Importer(815301076,1909f56bfc062723c751e8b465ee728b)
Start importing Assets/Models/naturePack_017.obj using Guid(397a1bc3035a4b041af7833636a7bf9e) Importer(815301076,1909f56bfc062723c751e8b465ee728b)  -> (artifact id: '3a4f8da87fa3aab4f609dd7376a347df') in 0.036066 seconds 
========================================================================
Received Import Request.
  Time since last request: 0.000033 seconds.
  path: Assets/Textures/Flag.png
  artifactKey: Guid(f513287eabeffb84a86b015726e6c719) Importer(815301076,1909f56bfc062723c751e8b465ee728b)
Start importing Assets/Textures/Flag.png using Guid(f513287eabeffb84a86b015726e6c719) Importer(815301076,1909f56bfc062723c751e8b465ee728b)  -> (artifact id: 'b4d41bae1a7dff04e157b82c60488d6f') in 0.020657 seconds 
========================================================================
Received Import Request.
  Time since last request: 0.000031 seconds.
  path: Assets/Models/naturePack_015.obj
  artifactKey: Guid(65ffdda6e1e28f3458245c40c60ed72b) Importer(815301076,1909f56bfc062723c751e8b465ee728b)
Start importing Assets/Models/naturePack_015.obj using Guid(65ffdda6e1e28f3458245c40c60ed72b) Importer(815301076,1909f56bfc062723c751e8b465ee728b)  -> (artifact id: 'ab169d3a17bb3f63dae939bd6c149c32') in 0.051732 seconds 
========================================================================
Received Import Request.
  Time since last request: 0.000028 seconds.
  path: Assets/Textures/UI/check-toggle.png
  artifactKey: Guid(92e4e4040f608e5488b46b3aa1864b2e) Importer(815301076,1909f56bfc062723c751e8b465ee728b)
Start importing Assets/Textures/UI/check-toggle.png using Guid(92e4e4040f608e5488b46b3aa1864b2e) Importer(815301076,1909f56bfc062723c751e8b465ee728b)  -> (artifact id: 'ea77c5c665e9fba2aacfdab29a1860ff') in 0.051385 seconds 
========================================================================
Received Import Request.
  Time since last request: 0.000034 seconds.
  path: Assets/Models/naturePack_009.obj
  artifactKey: Guid(e49bfd1a5116c0f4a90a8dfcdbba7e20) Importer(815301076,1909f56bfc062723c751e8b465ee728b)
Start importing Assets/Models/naturePack_009.obj using Guid(e49bfd1a5116c0f4a90a8dfcdbba7e20) Importer(815301076,1909f56bfc062723c751e8b465ee728b)  -> (artifact id: '80f8cfd8a8e3ec87ae67ef82f2539ba4') in 0.066178 seconds 
========================================================================
Received Import Request.
  Time since last request: 0.000022 seconds.
  path: Assets/Models/naturePack_011.obj
  artifactKey: Guid(191e64aa8fdea5c449c88bda41d648df) Importer(815301076,1909f56bfc062723c751e8b465ee728b)
Start importing Assets/Models/naturePack_011.obj using Guid(191e64aa8fdea5c449c88bda41d648df) Importer(815301076,1909f56bfc062723c751e8b465ee728b)  -> (artifact id: 'f7afa4fd753155bfa7a3d2aa261cb6d0') in 0.027446 seconds 
Editor requested this worker to shutdown with reason: Scaling down because of idle timeout
AssetImportWorker is now disconnected from the server
Process exiting
Exiting without the bug reporter. Application will terminate with return code 0