Using pre-set license
Built from '2021.3/staging' branch; Version is '2021.3.2f1 (d6360bedb9a0) revision 14038539'; Using compiler version '192829333'; Build Type 'Release'
OS: 'Windows 10  (10.0.19041) 64bit Professional' Language: 'fr' Physical Memory: 16333 MB
BatchMode: 1, IsHumanControllingUs: 0, StartBugReporterOnCrash: 0, Is64bit: 1, IsPro: 1

COMMAND LINE ARGUMENTS:
D:\Program Files\Unity 2021.3.2f1\Editor\Unity.exe
-adb2
-batchMode
-noUpm
-name
AssetImportWorker2
-projectPath
D:/Abderrahmen/Platformer
-logFile
Logs/AssetImportWorker2.log
-srvPort
50013
Successfully changed project path to: D:/Abderrahmen/Platformer
D:/Abderrahmen/Platformer
[UnityMemory] Configuration Parameters - Can be set up in boot.config
    "memorysetup-bucket-allocator-granularity=16"
    "memorysetup-bucket-allocator-bucket-count=8"
    "memorysetup-bucket-allocator-block-size=33554432"
    "memorysetup-bucket-allocator-block-count=8"
    "memorysetup-main-allocator-block-size=16777216"
    "memorysetup-thread-allocator-block-size=16777216"
    "memorysetup-gfx-main-allocator-block-size=16777216"
    "memorysetup-gfx-thread-allocator-block-size=16777216"
    "memorysetup-cache-allocator-block-size=4194304"
    "memorysetup-typetree-allocator-block-size=2097152"
    "memorysetup-profiler-bucket-allocator-granularity=16"
    "memorysetup-profiler-bucket-allocator-bucket-count=8"
    "memorysetup-profiler-bucket-allocator-block-size=33554432"
    "memorysetup-profiler-bucket-allocator-block-count=8"
    "memorysetup-profiler-allocator-block-size=16777216"
    "memorysetup-profiler-editor-allocator-block-size=1048576"
    "memorysetup-temp-allocator-size-main=16777216"
    "memorysetup-job-temp-allocator-block-size=2097152"
    "memorysetup-job-temp-allocator-block-size-background=1048576"
    "memorysetup-job-temp-allocator-reduction-small-platforms=262144"
    "memorysetup-temp-allocator-size-background-worker=32768"
    "memorysetup-temp-allocator-size-job-worker=262144"
    "memorysetup-temp-allocator-size-preload-manager=33554432"
    "memorysetup-temp-allocator-size-nav-mesh-worker=65536"
    "memorysetup-temp-allocator-size-audio-worker=65536"
    "memorysetup-temp-allocator-size-cloud-worker=32768"
    "memorysetup-temp-allocator-size-gi-baking-worker=262144"
    "memorysetup-temp-allocator-size-gfx=262144"
Refreshing native plugins compatible for Editor in 106.42 ms, found 3 plugins.
Preloading 0 native plugins for Editor in 0.00 ms.
Initialize engine version: 2021.3.2f1 (d6360bedb9a0)
[Subsystems] Discovering subsystems at path D:/Program Files/Unity 2021.3.2f1/Editor/Data/Resources/UnitySubsystems
[Subsystems] Discovering subsystems at path D:/Abderrahmen/Platformer/Assets
GfxDevice: creating device client; threaded=0; jobified=0
Direct3D:
    Version:  Direct3D 11.0 [level 11.1]
    Renderer: NVIDIA GeForce GTX 1660 SUPER (ID=0x21c4)
    Vendor:   NVIDIA
    VRAM:     5980 MB
    Driver:   31.0.15.2849
Initialize mono
Mono path[0] = 'D:/Program Files/Unity 2021.3.2f1/Editor/Data/Managed'
Mono path[1] = 'D:/Program Files/Unity 2021.3.2f1/Editor/Data/MonoBleedingEdge/lib/mono/unityjit-win32'
Mono config path = 'D:/Program Files/Unity 2021.3.2f1/Editor/Data/MonoBleedingEdge/etc'
Using monoOptions --debugger-agent=transport=dt_socket,embedding=1,server=y,suspend=n,address=127.0.0.1:56996
Begin MonoManager ReloadAssembly
Registering precompiled unity dll's ...
Register platform support module: D:/Program Files/Unity 2021.3.2f1/Editor/Data/PlaybackEngines/AndroidPlayer/UnityEditor.Android.Extensions.dll
Register platform support module: D:/Program Files/Unity 2021.3.2f1/Editor/Data/PlaybackEngines/iOSSupport/UnityEditor.iOS.Extensions.dll
Register platform support module: D:/Program Files/Unity 2021.3.2f1/Editor/Data/PlaybackEngines/WindowsStandaloneSupport/UnityEditor.WindowsStandalone.Extensions.dll
Registered in 0.003921 seconds.
Native extension for WindowsStandalone target not found
[usbmuxd] Start listen thread
[usbmuxd] Listen thread started
[usbmuxd] Send listen message
Native extension for iOS target not found
Native extension for Android target not found
Refreshing native plugins compatible for Editor in 107.83 ms, found 3 plugins.
Preloading 0 native plugins for Editor in 0.00 ms.
Mono: successfully reloaded assembly
- Completed reload, in  0.790 seconds
Domain Reload Profiling:
	ReloadAssembly (791ms)
		BeginReloadAssembly (75ms)
			ExecutionOrderSort (0ms)
			DisableScriptedObjects (0ms)
			BackupInstance (0ms)
			ReleaseScriptingObjects (0ms)
			CreateAndSetChildDomain (1ms)
		EndReloadAssembly (590ms)
			LoadAssemblies (75ms)
			RebuildTransferFunctionScriptingTraits (0ms)
			SetupTypeCache (124ms)
			ReleaseScriptCaches (0ms)
			RebuildScriptCaches (34ms)
			SetupLoadedEditorAssemblies (375ms)
				LogAssemblyErrors (0ms)
				InitializePlatformSupportModulesInManaged (61ms)
				SetLoadedEditorAssemblies (0ms)
				RefreshPlugins (108ms)
				BeforeProcessingInitializeOnLoad (2ms)
				ProcessInitializeOnLoadAttributes (149ms)
				ProcessInitializeOnLoadMethodAttributes (55ms)
				AfterProcessingInitializeOnLoad (0ms)
				EditorAssembliesLoaded (0ms)
			ExecutionOrderSort2 (0ms)
			AwakeInstancesAfterBackupRestoration (0ms)
Platform modules already initialized, skipping
Registering precompiled user dll's ...
Registered in 0.004739 seconds.
Begin MonoManager ReloadAssembly
Symbol file LoadedFromMemory doesn't match image D:\Abderrahmen\Platformer\Library\PackageCache\com.unity.visualscripting@1.7.6\Editor\VisualScripting.Core\Dependencies\YamlDotNet\Unity.VisualScripting.YamlDotNet.dll
Symbol file LoadedFromMemory doesn't match image D:\Abderrahmen\Platformer\Library\PackageCache\com.unity.visualscripting@1.7.6\Editor\VisualScripting.Core\Dependencies\DotNetZip\Unity.VisualScripting.IonicZip.dll
Native extension for WindowsStandalone target not found
Native extension for iOS target not found
Native extension for Android target not found
Refreshing native plugins compatible for Editor in 0.66 ms, found 3 plugins.
Preloading 0 native plugins for Editor in 0.00 ms.
Mono: successfully reloaded assembly
- Completed reload, in  1.196 seconds
Domain Reload Profiling:
	ReloadAssembly (1197ms)
		BeginReloadAssembly (120ms)
			ExecutionOrderSort (0ms)
			DisableScriptedObjects (7ms)
			BackupInstance (0ms)
			ReleaseScriptingObjects (0ms)
			CreateAndSetChildDomain (21ms)
		EndReloadAssembly (949ms)
			LoadAssemblies (84ms)
			RebuildTransferFunctionScriptingTraits (0ms)
			SetupTypeCache (304ms)
			ReleaseScriptCaches (1ms)
			RebuildScriptCaches (59ms)
			SetupLoadedEditorAssemblies (460ms)
				LogAssemblyErrors (0ms)
				InitializePlatformSupportModulesInManaged (25ms)
				SetLoadedEditorAssemblies (1ms)
				RefreshPlugins (1ms)
				BeforeProcessingInitializeOnLoad (97ms)
				ProcessInitializeOnLoadAttributes (302ms)
				ProcessInitializeOnLoadMethodAttributes (32ms)
				AfterProcessingInitializeOnLoad (4ms)
				EditorAssembliesLoaded (0ms)
			ExecutionOrderSort2 (0ms)
			AwakeInstancesAfterBackupRestoration (7ms)
Platform modules already initialized, skipping
========================================================================
Worker process is ready to serve import requests
Launched and connected shader compiler UnityShaderCompiler.exe after 0.04 seconds
Refreshing native plugins compatible for Editor in 0.77 ms, found 3 plugins.
Preloading 0 native plugins for Editor in 0.00 ms.
Unloading 3528 Unused Serialized files (Serialized files now loaded: 0)
Unloading 39 unused Assets / (182.7 KB). Loaded Objects now: 3988.
Memory consumption went from 124.2 MB to 124.0 MB.
Total: 3.762600 ms (FindLiveObjects: 0.358800 ms CreateObjectMapping: 0.145500 ms MarkObjects: 3.133000 ms  DeleteObjects: 0.124200 ms)

AssetImportParameters requested are different than current active one (requested -> active):
  custom:video-decoder-ogg-theora: a1e56fd34408186e4bbccfd4996cb3dc -> 
  custom:container-muxer-webm: aa71ff27fc2769a1b78a27578f13a17b -> 
  custom:container-demuxer-webm: 4f35f7cbe854078d1ac9338744f61a02 -> 
  custom:video-encoder-webm-vp8: eb34c28f22e8b96e1ab97ce403110664 -> 
  custom:audio-encoder-webm-vorbis: bf7c407c2cedff20999df2af8eb42d56 -> 
  custom:framework-win-MediaFoundation: 216162199b28c13a410421893ffa2e32 -> 
  custom:container-demuxer-ogg: 62fdf1f143b41e24485cea50d1cbac27 -> 
  custom:video-decoder-webm-vp8: 9c59270c3fd7afecdb556c50c9e8de78 -> 
  custom:audio-decoder-ogg-vorbis: bf7c407c2cedff20999df2af8eb42d56 -> 
========================================================================
Received Import Request.
  Time since last request: 1118628.783025 seconds.
  path: Assets/Textures/Flag.png
  artifactKey: Guid(f513287eabeffb84a86b015726e6c719) Importer(815301076,1909f56bfc062723c751e8b465ee728b)
Start importing Assets/Textures/Flag.png using Guid(f513287eabeffb84a86b015726e6c719) Importer(815301076,1909f56bfc062723c751e8b465ee728b)  -> (artifact id: '336f5a81f0026673be67c9c213334918') in 0.129358 seconds 
========================================================================
Received Import Request.
  Time since last request: 35.886841 seconds.
  path: Assets/Material/Flag.mat
  artifactKey: Guid(6f624c4240ec83c4c832b21c6b8b9008) Importer(815301076,1909f56bfc062723c751e8b465ee728b)
Start importing Assets/Material/Flag.mat using Guid(6f624c4240ec83c4c832b21c6b8b9008) Importer(815301076,1909f56bfc062723c751e8b465ee728b)  -> (artifact id: '5c9063768f05b337ac14a2822740b058') in 0.083106 seconds 
========================================================================
Received Import Request.
  Time since last request: 82.396437 seconds.
  path: Assets/Materials/Flag.mat
  artifactKey: Guid(5229e1c093e807e47ac5d2a423bf6aa8) Importer(815301076,1909f56bfc062723c751e8b465ee728b)
Start importing Assets/Materials/Flag.mat using Guid(5229e1c093e807e47ac5d2a423bf6aa8) Importer(815301076,1909f56bfc062723c751e8b465ee728b)  -> (artifact id: '7260ac606f03827b9c9f9ca62871bfcd') in 0.009847 seconds 
========================================================================
Received Prepare
Registering precompiled user dll's ...
Registered in 0.005028 seconds.
Begin MonoManager ReloadAssembly
Symbol file LoadedFromMemory doesn't match image D:\Abderrahmen\Platformer\Library\PackageCache\com.unity.visualscripting@1.7.6\Editor\VisualScripting.Core\Dependencies\YamlDotNet\Unity.VisualScripting.YamlDotNet.dll
Symbol file LoadedFromMemory doesn't match image D:\Abderrahmen\Platformer\Library\PackageCache\com.unity.visualscripting@1.7.6\Editor\VisualScripting.Core\Dependencies\DotNetZip\Unity.VisualScripting.IonicZip.dll
Native extension for WindowsStandalone target not found
Native extension for iOS target not found
Native extension for Android target not found
Refreshing native plugins compatible for Editor in 0.69 ms, found 3 plugins.
Preloading 0 native plugins for Editor in 0.00 ms.
Mono: successfully reloaded assembly
- Completed reload, in  1.184 seconds
Domain Reload Profiling:
	ReloadAssembly (1184ms)
		BeginReloadAssembly (150ms)
			ExecutionOrderSort (0ms)
			DisableScriptedObjects (6ms)
			BackupInstance (0ms)
			ReleaseScriptingObjects (0ms)
			CreateAndSetChildDomain (40ms)
		EndReloadAssembly (919ms)
			LoadAssemblies (91ms)
			RebuildTransferFunctionScriptingTraits (0ms)
			SetupTypeCache (321ms)
			ReleaseScriptCaches (2ms)
			RebuildScriptCaches (52ms)
			SetupLoadedEditorAssemblies (413ms)
				LogAssemblyErrors (0ms)
				InitializePlatformSupportModulesInManaged (34ms)
				SetLoadedEditorAssemblies (1ms)
				RefreshPlugins (1ms)
				BeforeProcessingInitializeOnLoad (73ms)
				ProcessInitializeOnLoadAttributes (267ms)
				ProcessInitializeOnLoadMethodAttributes (34ms)
				AfterProcessingInitializeOnLoad (4ms)
				EditorAssembliesLoaded (0ms)
			ExecutionOrderSort2 (0ms)
			AwakeInstancesAfterBackupRestoration (7ms)
Platform modules already initialized, skipping
Refreshing native plugins compatible for Editor in 2.88 ms, found 3 plugins.
Preloading 0 native plugins for Editor in 0.00 ms.
Unloading 3523 Unused Serialized files (Serialized files now loaded: 0)
Unloading 20 unused Assets / (149.6 KB). Loaded Objects now: 4043.
Memory consumption went from 128.6 MB to 128.4 MB.
Total: 3.549900 ms (FindLiveObjects: 0.308000 ms CreateObjectMapping: 0.088200 ms MarkObjects: 3.047500 ms  DeleteObjects: 0.104600 ms)

AssetImportParameters requested are different than current active one (requested -> active):
  custom:video-decoder-ogg-theora: a1e56fd34408186e4bbccfd4996cb3dc -> 
  custom:container-muxer-webm: aa71ff27fc2769a1b78a27578f13a17b -> 
  custom:container-demuxer-webm: 4f35f7cbe854078d1ac9338744f61a02 -> 
  custom:video-encoder-webm-vp8: eb34c28f22e8b96e1ab97ce403110664 -> 
  custom:audio-encoder-webm-vorbis: bf7c407c2cedff20999df2af8eb42d56 -> 
  custom:framework-win-MediaFoundation: 216162199b28c13a410421893ffa2e32 -> 
  custom:container-demuxer-ogg: 62fdf1f143b41e24485cea50d1cbac27 -> 
  custom:video-decoder-webm-vp8: 9c59270c3fd7afecdb556c50c9e8de78 -> 
  custom:audio-decoder-ogg-vorbis: bf7c407c2cedff20999df2af8eb42d56 -> 
========================================================================
Received Import Request.
  Time since last request: 2056.337614 seconds.
  path: Assets/Scenes/Level2.unity
  artifactKey: Guid(e0a22a6c87bcd114eaa1c4de3db58bb2) Importer(815301076,1909f56bfc062723c751e8b465ee728b)
Start importing Assets/Scenes/Level2.unity using Guid(e0a22a6c87bcd114eaa1c4de3db58bb2) Importer(815301076,1909f56bfc062723c751e8b465ee728b)  -> (artifact id: 'df91899adb0bc3da212488ad954c96cc') in 0.008450 seconds 
========================================================================
Received Import Request.
  Time since last request: 3.493760 seconds.
  path: Assets/Scenes/Level1.unity
  artifactKey: Guid(9fc0d4010bbf28b4594072e72b8655ab) Importer(815301076,1909f56bfc062723c751e8b465ee728b)
Start importing Assets/Scenes/Level1.unity using Guid(9fc0d4010bbf28b4594072e72b8655ab) Importer(815301076,1909f56bfc062723c751e8b465ee728b)  -> (artifact id: 'b29937bdcd281bc02f1bf113fcdf52ec') in 0.001389 seconds 
========================================================================
Received Import Request.
  Time since last request: 61.605079 seconds.
  path: Assets/Scenes/Level2.unity
  artifactKey: Guid(e0a22a6c87bcd114eaa1c4de3db58bb2) Importer(815301076,1909f56bfc062723c751e8b465ee728b)
Start importing Assets/Scenes/Level2.unity using Guid(e0a22a6c87bcd114eaa1c4de3db58bb2) Importer(815301076,1909f56bfc062723c751e8b465ee728b)  -> (artifact id: 'b80f02341df3569ceb98e9d86c11780a') in 0.001268 seconds 
========================================================================
Received Import Request.
  Time since last request: 51.205650 seconds.
  path: Assets/Materials/FarlandSkies/Skyboxes/CloudyCrown_03_Midnight
  artifactKey: Guid(9d429d9e182f0664f95c11b57a416b9a) Importer(815301076,1909f56bfc062723c751e8b465ee728b)
Start importing Assets/Materials/FarlandSkies/Skyboxes/CloudyCrown_03_Midnight using Guid(9d429d9e182f0664f95c11b57a416b9a) Importer(815301076,1909f56bfc062723c751e8b465ee728b)  -> (artifact id: '2b6f997834e5c40d80774ad869850b0c') in 0.001334 seconds 
========================================================================
Received Import Request.
  Time since last request: 0.571881 seconds.
  path: Assets/Materials/FarlandSkies/Skyboxes/CloudyCrown_05_Daybreak
  artifactKey: Guid(56be7a3817a5954428630009d20498f1) Importer(815301076,1909f56bfc062723c751e8b465ee728b)
Start importing Assets/Materials/FarlandSkies/Skyboxes/CloudyCrown_05_Daybreak using Guid(56be7a3817a5954428630009d20498f1) Importer(815301076,1909f56bfc062723c751e8b465ee728b)  -> (artifact id: '9234a348e0fcf2ef41f844af9d12e84a') in 0.001241 seconds 
========================================================================
Received Import Request.
  Time since last request: 0.965101 seconds.
  path: Assets/Materials/FarlandSkies/Skyboxes/CloudyCrown_05_Daybreak/CloudyCrown_Daybreak.mat
  artifactKey: Guid(3930fc89a28b29746bde6a2389a513e0) Importer(815301076,1909f56bfc062723c751e8b465ee728b)
Start importing Assets/Materials/FarlandSkies/Skyboxes/CloudyCrown_05_Daybreak/CloudyCrown_Daybreak.mat using Guid(3930fc89a28b29746bde6a2389a513e0) Importer(815301076,1909f56bfc062723c751e8b465ee728b)  -> (artifact id: '65dc2a23f9645e2418e07ba8f874d238') in 0.324934 seconds 
========================================================================
Received Import Request.
  Time since last request: 29.534506 seconds.
  path: Assets/Scenes/Level03.unity
  artifactKey: Guid(42f55b98fc8243c469703fcf91458042) Importer(815301076,1909f56bfc062723c751e8b465ee728b)
Start importing Assets/Scenes/Level03.unity using Guid(42f55b98fc8243c469703fcf91458042) Importer(815301076,1909f56bfc062723c751e8b465ee728b)  -> (artifact id: 'fb884ca6116fb1b7c396ca45fd46b0f8') in 0.001518 seconds 
========================================================================
Received Import Request.
  Time since last request: 3.341800 seconds.
  path: Assets/Scenes/Level2.unity
  artifactKey: Guid(e0a22a6c87bcd114eaa1c4de3db58bb2) Importer(815301076,1909f56bfc062723c751e8b465ee728b)
Start importing Assets/Scenes/Level2.unity using Guid(e0a22a6c87bcd114eaa1c4de3db58bb2) Importer(815301076,1909f56bfc062723c751e8b465ee728b)  -> (artifact id: 'bd3be0a2b10d0dae45c5a47e93fefcf8') in 0.005791 seconds 
========================================================================
Received Import Request.
  Time since last request: 21.609323 seconds.
  path: Assets/Materials/FarlandSkies/Skyboxes/CloudyCrown_04_Sunset/CloudyCrown_Sunset.mat
  artifactKey: Guid(169a1b8f06c17c84e8de491f2bfef986) Importer(815301076,1909f56bfc062723c751e8b465ee728b)
Start importing Assets/Materials/FarlandSkies/Skyboxes/CloudyCrown_04_Sunset/CloudyCrown_Sunset.mat using Guid(169a1b8f06c17c84e8de491f2bfef986) Importer(815301076,1909f56bfc062723c751e8b465ee728b)  -> (artifact id: '2bea086e94a9b18375ad2cf528fcc3fb') in 0.227292 seconds 
========================================================================
Received Import Request.
  Time since last request: 0.898016 seconds.
  path: Assets/Materials/FarlandSkies/Skyboxes/CloudyCrown_03_Midnight/CloudyCrown_Midnight.mat
  artifactKey: Guid(ceb0a3ed2cb53a94fa21843cc958c52b) Importer(815301076,1909f56bfc062723c751e8b465ee728b)
Start importing Assets/Materials/FarlandSkies/Skyboxes/CloudyCrown_03_Midnight/CloudyCrown_Midnight.mat using Guid(ceb0a3ed2cb53a94fa21843cc958c52b) Importer(815301076,1909f56bfc062723c751e8b465ee728b)  -> (artifact id: '15ea858fc531e810fb9bd0b189bd4eae') in 0.231027 seconds 
========================================================================
Received Import Request.
  Time since last request: 1970.344575 seconds.
  path: Assets/Fonts
  artifactKey: Guid(4040106d423ecbc41a97e1a9ab9e4c55) Importer(815301076,1909f56bfc062723c751e8b465ee728b)
Start importing Assets/Fonts using Guid(4040106d423ecbc41a97e1a9ab9e4c55) Importer(815301076,1909f56bfc062723c751e8b465ee728b)  -> (artifact id: 'd75243e81c7f0a42d9134259b9205a63') in 0.002740 seconds 
========================================================================
Received Import Request.
  Time since last request: 51.697857 seconds.
  path: Assets/Fonts/OFL.txt
  artifactKey: Guid(15ad24ebb60cc97479560dcbc84b5212) Importer(815301076,1909f56bfc062723c751e8b465ee728b)
Start importing Assets/Fonts/OFL.txt using Guid(15ad24ebb60cc97479560dcbc84b5212) Importer(815301076,1909f56bfc062723c751e8b465ee728b)  -> (artifact id: 'f5dfbf0e5ed983bb54f1a7a3ed7d45a2') in 0.005424 seconds 
========================================================================
Received Import Request.
  Time since last request: 0.646449 seconds.
  path: Assets/Fonts/README.txt
  artifactKey: Guid(964f946845cbd2d47b0fa1a442d259ed) Importer(815301076,1909f56bfc062723c751e8b465ee728b)
Start importing Assets/Fonts/README.txt using Guid(964f946845cbd2d47b0fa1a442d259ed) Importer(815301076,1909f56bfc062723c751e8b465ee728b)  -> (artifact id: 'e0669746445010f0011e6664ce1eef2d') in 0.001700 seconds 
========================================================================
Received Import Request.
  Time since last request: 1.471849 seconds.
  path: Assets/Fonts/static
  artifactKey: Guid(ef9956820fee5734ba8b8776442773be) Importer(815301076,1909f56bfc062723c751e8b465ee728b)
Start importing Assets/Fonts/static using Guid(ef9956820fee5734ba8b8776442773be) Importer(815301076,1909f56bfc062723c751e8b465ee728b)  -> (artifact id: 'd983b45fdb69b50c9197cae6367d9edd') in 0.001500 seconds 
========================================================================
Received Import Request.
  Time since last request: 18.302409 seconds.
  path: Assets/Fonts/Changa
  artifactKey: Guid(03519f364422975459935f2a735856b4) Importer(815301076,1909f56bfc062723c751e8b465ee728b)
Start importing Assets/Fonts/Changa using Guid(03519f364422975459935f2a735856b4) Importer(815301076,1909f56bfc062723c751e8b465ee728b)  -> (artifact id: '59148c2c54a57026488c49c658b29b6a') in 0.001450 seconds 
========================================================================
Received Import Request.
  Time since last request: 22.177409 seconds.
  path: Assets/Fonts/Changa/static/Changa-Bold.ttf
  artifactKey: Guid(c7b31e522be96b5449b0b67a28aa790e) Importer(815301076,1909f56bfc062723c751e8b465ee728b)
Start importing Assets/Fonts/Changa/static/Changa-Bold.ttf using Guid(c7b31e522be96b5449b0b67a28aa790e) Importer(815301076,1909f56bfc062723c751e8b465ee728b)  -> (artifact id: 'a3e634fce3d8a5822ac6e0b721b1a6f9') in 0.067067 seconds 
========================================================================
Received Import Request.
  Time since last request: 0.000029 seconds.
  path: Assets/Fonts/Changa/static/Changa-Medium.ttf
  artifactKey: Guid(d9adba9a40928084c905567f2483ad36) Importer(815301076,1909f56bfc062723c751e8b465ee728b)
Start importing Assets/Fonts/Changa/static/Changa-Medium.ttf using Guid(d9adba9a40928084c905567f2483ad36) Importer(815301076,1909f56bfc062723c751e8b465ee728b)  -> (artifact id: '94ddcda0b5bdd62c9f1fa01456008a7e') in 0.019727 seconds 
========================================================================
Received Import Request.
  Time since last request: 0.000036 seconds.
  path: Assets/Fonts/Changa/static/Changa-ExtraLight.ttf
  artifactKey: Guid(c3937260b6f9510489990bc2649aeb1a) Importer(815301076,1909f56bfc062723c751e8b465ee728b)
Start importing Assets/Fonts/Changa/static/Changa-ExtraLight.ttf using Guid(c3937260b6f9510489990bc2649aeb1a) Importer(815301076,1909f56bfc062723c751e8b465ee728b)  -> (artifact id: 'bc7cd0f11c15016dd706f1a9797fcc91') in 0.014471 seconds 
========================================================================
Received Import Request.
  Time since last request: 0.000029 seconds.
  path: Assets/Fonts/Changa/static/Changa-Regular.ttf
  artifactKey: Guid(03250a158e596e744b6b8b894e0c14d6) Importer(815301076,1909f56bfc062723c751e8b465ee728b)
Start importing Assets/Fonts/Changa/static/Changa-Regular.ttf using Guid(03250a158e596e744b6b8b894e0c14d6) Importer(815301076,1909f56bfc062723c751e8b465ee728b)  -> (artifact id: '241b61eef2b224ec2624946c696ad5a7') in 0.011586 seconds 
========================================================================
Received Import Request.
  Time since last request: 0.000020 seconds.
  path: Assets/Fonts/Changa/static/Changa-SemiBold.ttf
  artifactKey: Guid(bf445e442e45ebc4992e76c6a4791d03) Importer(815301076,1909f56bfc062723c751e8b465ee728b)
Start importing Assets/Fonts/Changa/static/Changa-SemiBold.ttf using Guid(bf445e442e45ebc4992e76c6a4791d03) Importer(815301076,1909f56bfc062723c751e8b465ee728b)  -> (artifact id: 'af750d8fd4485342354a200f0c4566be') in 0.013197 seconds 
========================================================================
Received Import Request.
  Time since last request: 193.965433 seconds.
  path: Assets/Textures
  artifactKey: Guid(066bd73cc57c85e45ada3fc25ad9592b) Importer(815301076,1909f56bfc062723c751e8b465ee728b)
Start importing Assets/Textures using Guid(066bd73cc57c85e45ada3fc25ad9592b) Importer(815301076,1909f56bfc062723c751e8b465ee728b)  -> (artifact id: '6a40888e1bf93489c0b5bec71226004c') in 0.001293 seconds 
========================================================================
Received Import Request.
  Time since last request: 10.669872 seconds.
  path: Assets/Textures/UI
  artifactKey: Guid(833000e609bf9b24bba68614b389b946) Importer(815301076,1909f56bfc062723c751e8b465ee728b)
Start importing Assets/Textures/UI using Guid(833000e609bf9b24bba68614b389b946) Importer(815301076,1909f56bfc062723c751e8b465ee728b)  -> (artifact id: 'd30e2ec4ee519981f4da35e9cd37f6b1') in 0.001718 seconds 
========================================================================
Received Import Request.
  Time since last request: 0.029087 seconds.
  path: Assets/Textures/UI/bg-button.png
  artifactKey: Guid(6dfdaab0a3ef31f4997ec571005519e1) Importer(815301076,1909f56bfc062723c751e8b465ee728b)
Start importing Assets/Textures/UI/bg-button.png using Guid(6dfdaab0a3ef31f4997ec571005519e1) Importer(815301076,1909f56bfc062723c751e8b465ee728b)  -> (artifact id: 'ea04be1cae1ec0d104a0c31ed9756472') in 0.012012 seconds 
========================================================================
Received Import Request.
  Time since last request: 0.000032 seconds.
  path: Assets/Textures/UI/bg-menu.png
  artifactKey: Guid(30a93c514f964d0478f9e67f14bdb9a2) Importer(815301076,1909f56bfc062723c751e8b465ee728b)
Start importing Assets/Textures/UI/bg-menu.png using Guid(30a93c514f964d0478f9e67f14bdb9a2) Importer(815301076,1909f56bfc062723c751e8b465ee728b)  -> (artifact id: '30da66c5e936763f4ab7d238277a3b3c') in 0.011014 seconds 
========================================================================
Received Import Request.
  Time since last request: 0.000030 seconds.
  path: Assets/Textures/UI/slider-handle.png
  artifactKey: Guid(b65083c0dac4f034fa4622bf46c6b020) Importer(815301076,1909f56bfc062723c751e8b465ee728b)
Start importing Assets/Textures/UI/slider-handle.png using Guid(b65083c0dac4f034fa4622bf46c6b020) Importer(815301076,1909f56bfc062723c751e8b465ee728b)  -> (artifact id: '86e2e8dd72e97dcd32864f37a849f61d') in 0.013899 seconds 
========================================================================
Received Import Request.
  Time since last request: 0.000028 seconds.
  path: Assets/Textures/UI/bg-toggle.png
  artifactKey: Guid(c9f6a71c97703894c9e6dcf6c85d2b6f) Importer(815301076,1909f56bfc062723c751e8b465ee728b)
Start importing Assets/Textures/UI/bg-toggle.png using Guid(c9f6a71c97703894c9e6dcf6c85d2b6f) Importer(815301076,1909f56bfc062723c751e8b465ee728b)  -> (artifact id: '933aa2318eb3e0ba589706091707e642') in 0.020417 seconds 
========================================================================
Received Import Request.
  Time since last request: 0.000026 seconds.
  path: Assets/Textures/UI/sound-mute.png
  artifactKey: Guid(b4833cb36d32f144bb8bd77e521cf835) Importer(815301076,1909f56bfc062723c751e8b465ee728b)
Start importing Assets/Textures/UI/sound-mute.png using Guid(b4833cb36d32f144bb8bd77e521cf835) Importer(815301076,1909f56bfc062723c751e8b465ee728b)  -> (artifact id: 'b67e2b83f8113081be0e44f8612c3dac') in 0.009213 seconds 
========================================================================
Received Import Request.
  Time since last request: 0.000031 seconds.
  path: Assets/Textures/UI/button-level01.png
  artifactKey: Guid(beac508fc9519324d818ec4e21d1b77d) Importer(815301076,1909f56bfc062723c751e8b465ee728b)
Start importing Assets/Textures/UI/button-level01.png using Guid(beac508fc9519324d818ec4e21d1b77d) Importer(815301076,1909f56bfc062723c751e8b465ee728b)  -> (artifact id: 'f32e1bc8b38049d93ae9dd13df7f35bd') in 0.018538 seconds 
========================================================================
Received Import Request.
  Time since last request: 0.000029 seconds.
  path: Assets/Textures/UI/button-level03.png
  artifactKey: Guid(7125ea9b6a95f584c8b9985d4b22ab2e) Importer(815301076,1909f56bfc062723c751e8b465ee728b)
Start importing Assets/Textures/UI/button-level03.png using Guid(7125ea9b6a95f584c8b9985d4b22ab2e) Importer(815301076,1909f56bfc062723c751e8b465ee728b)  -> (artifact id: 'ef3ee756d7ff7333878fe26ff9ea7825') in 0.009406 seconds 
========================================================================
Received Import Request.
  Time since last request: 28.113495 seconds.
  path: Assets/Textures/UI/bg-menu.png
  artifactKey: Guid(30a93c514f964d0478f9e67f14bdb9a2) Importer(815301076,1909f56bfc062723c751e8b465ee728b)
Start importing Assets/Textures/UI/bg-menu.png using Guid(30a93c514f964d0478f9e67f14bdb9a2) Importer(815301076,1909f56bfc062723c751e8b465ee728b)  -> (artifact id: '7f02f3fd6cd3394353363f32da8ac848') in 0.191011 seconds 
========================================================================
Received Import Request.
  Time since last request: 0.000028 seconds.
  path: Assets/Textures/UI/sound-mute.png
  artifactKey: Guid(b4833cb36d32f144bb8bd77e521cf835) Importer(815301076,1909f56bfc062723c751e8b465ee728b)
Start importing Assets/Textures/UI/sound-mute.png using Guid(b4833cb36d32f144bb8bd77e521cf835) Importer(815301076,1909f56bfc062723c751e8b465ee728b)  -> (artifact id: '600955b807380d84328e68f608e77828') in 0.026548 seconds 
========================================================================
Received Import Request.
  Time since last request: 0.000052 seconds.
  path: Assets/Textures/UI/sound-full.png
  artifactKey: Guid(ea228dad0b0549f448c02e04c5867ed8) Importer(815301076,1909f56bfc062723c751e8b465ee728b)
Start importing Assets/Textures/UI/sound-full.png using Guid(ea228dad0b0549f448c02e04c5867ed8) Importer(815301076,1909f56bfc062723c751e8b465ee728b)  -> (artifact id: '6b5d439e8571230751826e8d9be39243') in 0.042374 seconds 
========================================================================
Received Import Request.
  Time since last request: 0.000026 seconds.
  path: Assets/Textures/UI/button-level03.png
  artifactKey: Guid(7125ea9b6a95f584c8b9985d4b22ab2e) Importer(815301076,1909f56bfc062723c751e8b465ee728b)
Start importing Assets/Textures/UI/button-level03.png using Guid(7125ea9b6a95f584c8b9985d4b22ab2e) Importer(815301076,1909f56bfc062723c751e8b465ee728b)  -> (artifact id: 'b64d2acb96136fb8e79d884d84d343e0') in 0.116896 seconds 
Editor requested this worker to shutdown with reason: Scaling down because of idle timeout
AssetImportWorker is now disconnected from the server
Process exiting
Exiting without the bug reporter. Application will terminate with return code 0